SF:lib/utils/constants.dart
DA:19,3
DA:20,1
DA:21,1
DA:23,1
DA:25,1
LF:5
LH:5
end_of_record
SF:lib/utils/exception.dart
DA:6,0
LF:1
LH:0
end_of_record
SF:lib/utils/failure.dart
DA:6,0
DA:8,0
DA:9,0
DA:13,0
DA:17,0
DA:21,0
LF:6
LH:0
end_of_record
SF:lib/utils/network_helper.dart
DA:7,0
DA:8,0
DA:9,0
DA:10,0
DA:11,0
DA:12,0
DA:13,0
DA:14,0
LF:8
LH:0
end_of_record
SF:lib/utils/enum/category_enum.dart
DA:1,2
LF:1
LH:1
end_of_record
SF:lib/data/datasources/db/database_helper.dart
DA:8,0
DA:12,0
DA:16,0
DA:18,0
DA:23,0
DA:24,0
DA:25,0
DA:27,0
DA:31,0
DA:32,0
DA:39,0
DA:40,0
DA:47,0
DA:50,0
DA:51,0
DA:52,0
DA:55,0
DA:56,0
DA:57,0
DA:60,0
DA:64,0
DA:65,0
DA:66,0
DA:69,0
DA:72,0
DA:73,0
DA:79,0
DA:80,0
DA:81,0
LF:29
LH:0
end_of_record
SF:lib/presentation/widgets/item_card.dart
DA:11,1
DA:18,1
DA:20,1
DA:22,1
DA:23,1
DA:24,1
DA:26,1
DA:27,1
DA:28,1
DA:34,1
DA:36,1
DA:37,1
DA:38,1
DA:41,3
DA:43,1
DA:44,1
DA:45,1
DA:53,1
DA:58,1
DA:59,1
DA:60,2
DA:62,2
DA:63,1
DA:65,0
DA:67,2
LF:25
LH:24
end_of_record
SF:lib/utils/service_locator.dart
DA:3,0
LF:1
LH:0
end_of_record
