SF:lib/common/constants.dart
DA:19,3
DA:20,1
DA:21,1
DA:23,1
DA:25,1
LF:5
LH:5
end_of_record
SF:lib/common/exception.dart
DA:6,4
LF:1
LH:1
end_of_record
SF:lib/data/datasources/tv_local_data_source.dart
DA:16,1
DA:19,1
DA:21,4
DA:24,2
DA:29,1
DA:31,4
DA:34,2
DA:39,1
DA:40,3
DA:45,1
DA:52,1
DA:53,3
DA:54,4
LF:13
LH:13
end_of_record
SF:lib/data/models/movie/movie_table.dart
DA:11,2
DA:18,2
DA:19,1
DA:20,1
DA:21,1
DA:22,1
DA:25,2
DA:26,1
DA:27,1
DA:28,1
DA:29,1
DA:32,2
DA:33,1
DA:34,1
DA:35,1
DA:36,1
DA:39,2
DA:40,1
DA:41,1
DA:42,1
DA:43,1
DA:46,2
DA:47,10
LF:23
LH:23
end_of_record
SF:lib/data/models/tv/tv_table.dart
DA:11,2
DA:18,2
DA:19,1
DA:20,1
DA:21,1
DA:22,1
DA:25,2
DA:26,1
DA:27,1
DA:28,1
DA:29,1
DA:32,2
DA:33,1
DA:34,1
DA:35,1
DA:36,1
DA:39,2
DA:40,1
DA:41,1
DA:42,1
DA:43,1
DA:46,2
DA:47,10
LF:23
LH:23
end_of_record
SF:lib/domain/entities/episode/episode.dart
DA:15,6
DA:28,4
DA:29,4
DA:30,4
DA:31,4
DA:32,4
DA:33,4
DA:34,4
DA:35,4
DA:36,4
DA:37,4
DA:38,4
DA:39,4
LF:13
LH:13
end_of_record
SF:lib/domain/entities/genre/genre.dart
DA:4,15
DA:12,5
DA:13,15
LF:3
LH:3
end_of_record
SF:lib/domain/entities/movie/movie.dart
DA:4,16
DA:20,1
DA:50,8
DA:51,8
DA:52,8
DA:53,8
DA:54,8
DA:55,8
DA:56,8
DA:57,8
DA:58,8
DA:59,8
DA:60,8
DA:61,8
DA:62,8
DA:63,8
DA:64,8
LF:17
LH:17
end_of_record
SF:lib/domain/entities/movie/movie_detail.dart
DA:5,7
DA:33,2
DA:34,2
DA:35,2
DA:36,2
DA:37,2
DA:38,2
DA:39,2
DA:40,2
DA:41,2
DA:42,2
DA:43,2
DA:44,2
DA:45,2
LF:14
LH:14
end_of_record
SF:lib/domain/entities/season/season.dart
DA:12,9
DA:24,4
DA:25,4
DA:26,4
DA:27,4
DA:28,4
DA:29,4
DA:30,4
DA:31,4
DA:32,4
LF:10
LH:10
end_of_record
SF:lib/domain/entities/season/season_detail.dart
DA:13,5
DA:23,3
DA:24,3
DA:25,3
DA:26,3
DA:27,3
DA:28,3
DA:29,3
DA:30,3
DA:31,3
LF:10
LH:10
end_of_record
SF:lib/domain/entities/tv/tv.dart
DA:18,15
DA:34,1
DA:50,8
DA:51,8
DA:52,8
DA:53,8
DA:54,8
DA:55,8
DA:56,8
DA:57,8
DA:58,8
DA:59,8
DA:60,8
DA:61,8
DA:62,8
DA:63,8
DA:64,8
LF:17
LH:17
end_of_record
SF:lib/domain/entities/tv/tv_detail.dart
DA:21,8
DA:38,3
DA:39,3
DA:40,3
DA:41,3
DA:42,3
DA:43,3
DA:44,3
DA:45,3
DA:46,3
DA:47,3
DA:48,3
DA:49,3
DA:50,3
DA:51,3
DA:52,3
DA:53,3
LF:17
LH:17
end_of_record
SF:lib/common/failure.dart
DA:6,15
DA:8,2
DA:9,4
DA:13,30
DA:17,30
DA:21,30
LF:6
LH:6
end_of_record
SF:lib/data/datasources/db/database_helper.dart
DA:8,0
DA:12,0
DA:16,0
DA:18,0
DA:23,0
DA:24,0
DA:25,0
DA:27,0
DA:31,0
DA:32,0
DA:39,0
DA:40,0
DA:47,0
DA:50,0
DA:51,0
DA:52,0
DA:55,0
DA:56,0
DA:57,0
DA:60,0
DA:64,0
DA:65,0
DA:66,0
DA:69,0
DA:72,0
DA:73,0
DA:79,0
DA:80,0
DA:81,0
LF:29
LH:0
end_of_record
SF:lib/data/datasources/movie_local_data_source.dart
DA:16,1
DA:19,1
DA:21,4
DA:24,3
DA:25,2
DA:30,1
DA:32,4
DA:35,2
DA:40,1
DA:41,3
DA:46,1
DA:53,1
DA:54,3
DA:55,4
LF:14
LH:14
end_of_record
SF:lib/data/datasources/movie_remote_data_source.dart
DA:22,1
DA:25,1
DA:27,5
DA:29,2
DA:30,4
DA:32,1
DA:37,1
DA:39,5
DA:41,2
DA:42,3
DA:44,1
DA:49,1
DA:50,2
DA:51,3
DA:53,2
DA:54,4
DA:56,1
DA:61,1
DA:63,5
DA:65,2
DA:66,4
DA:68,1
DA:73,1
DA:75,5
DA:77,2
DA:78,4
DA:80,1
DA:85,1
DA:86,2
DA:87,3
DA:89,2
DA:90,4
DA:92,1
LF:33
LH:33
end_of_record
SF:lib/data/datasources/tv_remote_data_source.dart
DA:27,1
DA:30,1
DA:32,5
DA:34,2
DA:35,4
DA:37,1
DA:42,1
DA:43,5
DA:45,2
DA:46,3
DA:48,1
DA:53,1
DA:54,2
DA:55,3
DA:57,2
DA:58,4
DA:60,1
DA:65,1
DA:67,5
DA:69,2
DA:70,4
DA:72,1
DA:77,1
DA:79,5
DA:81,2
DA:82,4
DA:84,1
DA:89,1
DA:90,2
DA:91,3
DA:93,2
DA:94,4
DA:96,1
DA:101,1
DA:105,2
DA:106,3
DA:108,2
DA:109,3
DA:111,1
LF:39
LH:39
end_of_record
SF:lib/data/models/movie/movie_detail_model.dart
DA:6,3
DA:52,2
DA:53,2
DA:54,2
DA:55,2
DA:56,2
DA:57,2
DA:58,8
DA:59,2
DA:60,2
DA:61,2
DA:62,2
DA:63,2
DA:64,2
DA:65,4
DA:66,2
DA:67,2
DA:68,2
DA:69,2
DA:70,2
DA:71,2
DA:72,2
DA:73,2
DA:74,4
DA:75,2
DA:78,2
DA:79,1
DA:80,1
DA:81,1
DA:82,5
DA:83,1
DA:84,1
DA:85,1
DA:86,1
DA:87,1
DA:88,1
DA:89,1
DA:90,1
DA:91,1
DA:92,1
DA:93,1
DA:94,1
DA:95,1
DA:96,1
DA:97,1
DA:98,1
DA:99,1
DA:102,1
DA:103,1
DA:104,1
DA:105,1
DA:106,5
DA:107,1
DA:108,1
DA:109,1
DA:110,1
DA:111,1
DA:112,1
DA:113,1
DA:114,1
DA:115,1
DA:119,2
DA:120,2
DA:121,2
DA:122,2
DA:123,2
DA:124,2
DA:125,2
DA:126,2
DA:127,2
DA:128,2
DA:129,2
DA:130,2
DA:131,2
DA:132,2
DA:133,2
DA:134,2
DA:135,2
DA:136,2
DA:137,2
DA:138,2
DA:139,2
DA:140,2
DA:141,2
LF:84
LH:84
end_of_record
SF:lib/data/models/movie/movie_model.dart
DA:5,4
DA:35,4
DA:36,2
DA:37,2
DA:38,8
DA:39,2
DA:40,2
DA:41,2
DA:42,4
DA:43,2
DA:44,2
DA:45,2
DA:46,2
DA:47,4
DA:48,2
DA:51,2
DA:52,1
DA:53,1
DA:54,4
DA:55,1
DA:56,1
DA:57,1
DA:58,1
DA:59,1
DA:60,1
DA:61,1
DA:62,1
DA:63,1
DA:64,1
DA:67,2
DA:68,2
DA:69,2
DA:70,2
DA:71,2
DA:72,2
DA:73,2
DA:74,2
DA:75,2
DA:76,2
DA:77,2
DA:78,2
DA:79,2
DA:80,2
DA:81,2
DA:85,2
DA:86,2
DA:87,2
DA:88,2
DA:89,2
DA:90,2
DA:91,2
DA:92,2
DA:93,2
DA:94,2
DA:95,2
DA:96,2
DA:97,2
DA:98,2
DA:99,2
LF:59
LH:59
end_of_record
SF:lib/data/models/season/season_detail_model.dart
DA:14,3
DA:24,2
DA:25,2
DA:26,2
DA:27,2
DA:28,8
DA:30,2
DA:31,2
DA:32,2
DA:33,2
DA:34,2
DA:37,1
DA:38,1
DA:39,2
DA:40,1
DA:41,6
DA:43,2
DA:44,2
DA:45,2
DA:46,2
DA:47,2
DA:51,2
DA:52,2
DA:53,2
DA:54,10
DA:55,2
DA:56,2
DA:57,2
DA:58,2
DA:59,2
DA:63,2
DA:64,2
DA:65,2
DA:66,2
DA:67,2
DA:68,2
DA:69,2
DA:70,2
DA:71,2
LF:39
LH:39
end_of_record
SF:lib/data/models/tv/tv_detail_model.dart
DA:22,3
DA:39,2
DA:40,2
DA:41,2
DA:42,2
DA:43,8
DA:45,2
DA:46,2
DA:47,2
DA:48,2
DA:49,2
DA:50,2
DA:51,2
DA:52,2
DA:53,8
DA:55,2
DA:56,2
DA:57,2
DA:58,2
DA:61,1
DA:62,1
DA:63,2
DA:64,1
DA:65,6
DA:67,2
DA:68,2
DA:69,2
DA:70,2
DA:71,2
DA:72,2
DA:73,2
DA:74,1
DA:75,6
DA:77,2
DA:78,2
DA:79,2
DA:80,2
DA:84,2
DA:85,2
DA:86,2
DA:87,10
DA:88,2
DA:89,2
DA:90,2
DA:91,2
DA:92,2
DA:93,2
DA:94,2
DA:95,10
DA:96,2
DA:97,2
DA:98,2
DA:99,2
DA:103,2
DA:104,2
DA:105,2
DA:106,2
DA:107,2
DA:108,2
DA:109,2
DA:110,2
DA:111,2
DA:112,2
DA:113,2
DA:114,2
DA:115,2
DA:116,2
DA:117,2
DA:118,2
LF:69
LH:69
end_of_record
SF:lib/data/models/tv/tv_model.dart
DA:19,4
DA:35,6
DA:36,3
DA:37,3
DA:38,3
DA:39,3
DA:40,3
DA:41,3
DA:42,3
DA:43,6
DA:44,6
DA:45,3
DA:46,3
DA:47,3
DA:48,3
DA:51,2
DA:52,2
DA:53,4
DA:54,4
DA:55,4
DA:56,4
DA:57,4
DA:58,4
DA:59,4
DA:60,4
DA:61,4
DA:62,4
DA:63,4
DA:64,4
DA:65,4
DA:69,2
DA:70,2
DA:71,2
DA:72,2
DA:73,2
DA:74,2
DA:75,2
DA:76,2
DA:77,2
DA:78,2
DA:79,2
DA:80,2
DA:81,2
DA:82,2
DA:83,2
DA:87,3
DA:88,3
DA:89,3
DA:90,3
DA:91,3
DA:92,3
DA:93,3
DA:94,3
DA:95,3
DA:96,3
DA:97,3
DA:98,3
DA:99,3
DA:100,3
DA:101,3
LF:60
LH:60
end_of_record
SF:lib/domain/usecases/movie/get_movie_detail.dart
DA:9,1
DA:11,1
DA:12,2
LF:3
LH:3
end_of_record
SF:lib/domain/usecases/movie/get_movie_recommendations.dart
DA:9,1
DA:11,1
DA:12,2
LF:3
LH:3
end_of_record
SF:lib/domain/usecases/movie/get_now_playing_movies.dart
DA:9,1
DA:11,1
DA:12,2
LF:3
LH:3
end_of_record
SF:lib/domain/usecases/movie/get_popular_movies.dart
DA:9,1
DA:11,1
DA:12,2
LF:3
LH:3
end_of_record
SF:lib/domain/usecases/movie/get_top_rated_movies.dart
DA:9,1
DA:11,1
DA:12,2
LF:3
LH:3
end_of_record
SF:lib/domain/usecases/movie/get_watchlist_movies.dart
DA:9,1
DA:11,1
DA:12,2
LF:3
LH:3
end_of_record
SF:lib/domain/usecases/movie/get_watchlist_status_movie.dart
DA:6,1
DA:8,1
DA:9,2
LF:3
LH:3
end_of_record
SF:lib/domain/usecases/movie/remove_watchlist_movie.dart
DA:9,1
DA:11,1
DA:12,2
LF:3
LH:3
end_of_record
SF:lib/domain/usecases/movie/save_watchlist_movie.dart
DA:9,1
DA:11,1
DA:12,2
LF:3
LH:3
end_of_record
SF:lib/domain/usecases/movie/search_movies.dart
DA:9,1
DA:11,1
DA:12,2
LF:3
LH:3
end_of_record
SF:lib/domain/usecases/tv/get_on_the_air_tv.dart
DA:9,1
DA:11,1
DA:12,2
LF:3
LH:3
end_of_record
SF:lib/domain/usecases/tv/get_popular_tv.dart
DA:9,1
DA:11,1
DA:12,2
LF:3
LH:3
end_of_record
SF:lib/domain/usecases/tv/get_top_rated_tv.dart
DA:9,1
DA:11,1
DA:12,2
LF:3
LH:3
end_of_record
SF:lib/domain/usecases/tv/get_tv_detail.dart
DA:9,1
DA:11,1
DA:12,2
LF:3
LH:3
end_of_record
SF:lib/domain/usecases/tv/get_tv_recommendations.dart
DA:9,1
DA:11,1
DA:12,2
LF:3
LH:3
end_of_record
SF:lib/domain/usecases/tv/get_tv_season_detail.dart
DA:9,1
DA:11,1
DA:12,2
LF:3
LH:3
end_of_record
SF:lib/domain/usecases/tv/get_watchlist_status_tv.dart
DA:6,1
DA:8,1
DA:9,2
LF:3
LH:3
end_of_record
SF:lib/domain/usecases/tv/get_watchlist_tv.dart
DA:9,1
DA:11,1
DA:12,2
LF:3
LH:3
end_of_record
SF:lib/domain/usecases/tv/remove_watchlist_tv.dart
DA:9,1
DA:11,1
DA:12,2
LF:3
LH:3
end_of_record
SF:lib/domain/usecases/tv/save_watchlist_tv.dart
DA:9,1
DA:11,1
DA:12,2
LF:3
LH:3
end_of_record
SF:lib/domain/usecases/tv/search_tv.dart
DA:9,1
DA:11,1
DA:12,2
LF:3
LH:3
end_of_record
SF:lib/data/models/movie/movie_response.dart
DA:7,2
DA:9,4
DA:10,4
DA:11,6
DA:12,6
DA:15,2
DA:16,5
DA:19,1
DA:20,2
LF:9
LH:9
end_of_record
SF:lib/data/models/tv/tv_response.dart
DA:7,2
DA:9,4
DA:10,4
DA:11,6
DA:12,6
DA:15,2
DA:16,5
DA:19,1
DA:20,2
LF:9
LH:9
end_of_record
SF:lib/data/models/episode/episode_model.dart
DA:16,4
DA:29,6
DA:30,3
DA:31,3
DA:32,3
DA:33,3
DA:34,3
DA:35,3
DA:36,3
DA:37,3
DA:38,3
DA:39,3
DA:42,2
DA:43,2
DA:44,4
DA:45,4
DA:46,4
DA:47,4
DA:48,4
DA:49,4
DA:50,4
DA:51,4
DA:52,4
DA:53,4
DA:57,3
DA:58,3
DA:59,3
DA:60,3
DA:61,3
DA:62,3
DA:63,3
DA:64,3
DA:65,3
DA:66,3
DA:67,3
DA:68,3
DA:72,3
DA:73,3
DA:74,3
DA:75,3
DA:76,3
DA:77,3
DA:78,3
DA:79,3
DA:80,3
DA:81,3
DA:82,3
DA:83,3
LF:48
LH:48
end_of_record
SF:lib/data/models/genre/genre_model.dart
DA:5,7
DA:13,10
DA:14,5
DA:15,5
DA:18,6
DA:19,3
DA:20,3
DA:23,3
DA:24,9
DA:27,5
DA:28,15
LF:11
LH:11
end_of_record
SF:lib/data/models/season/season_model.dart
DA:13,4
DA:23,6
DA:24,3
DA:25,3
DA:26,3
DA:27,3
DA:28,3
DA:29,3
DA:30,3
DA:33,2
DA:34,2
DA:35,4
DA:36,4
DA:37,4
DA:38,4
DA:39,4
DA:40,4
DA:41,4
DA:45,3
DA:46,3
DA:47,3
DA:48,3
DA:49,3
DA:50,3
DA:51,3
DA:52,3
DA:53,3
DA:57,3
DA:58,3
DA:59,3
DA:60,3
DA:61,3
DA:62,3
DA:63,3
DA:64,3
DA:65,3
LF:36
LH:36
end_of_record
SF:lib/data/repositories/movie_repository_impl.dart
DA:17,1
DA:23,1
DA:25,3
DA:26,5
DA:27,1
DA:28,2
DA:29,1
DA:30,2
DA:35,1
DA:37,3
DA:38,2
DA:39,1
DA:40,2
DA:41,1
DA:42,2
DA:47,1
DA:49,3
DA:50,3
DA:51,1
DA:52,2
DA:53,1
DA:54,2
DA:59,1
DA:61,3
DA:62,5
DA:63,1
DA:64,2
DA:65,1
DA:66,2
DA:71,1
DA:73,3
DA:74,5
DA:75,1
DA:76,2
DA:77,1
DA:78,2
DA:83,1
DA:85,3
DA:86,5
DA:87,1
DA:88,2
DA:89,1
DA:90,2
DA:95,1
DA:98,4
DA:99,1
DA:100,1
DA:101,3
DA:108,1
DA:111,4
DA:112,1
DA:113,1
DA:114,3
DA:119,1
DA:120,3
DA:125,1
DA:126,3
DA:127,5
LF:58
LH:58
end_of_record
SF:lib/data/repositories/tv_repository_impl.dart
DA:18,1
DA:24,1
DA:26,3
DA:27,5
DA:28,1
DA:29,2
DA:30,1
DA:31,2
DA:36,1
DA:38,3
DA:39,2
DA:40,1
DA:41,2
DA:42,1
DA:43,2
DA:48,1
DA:50,3
DA:51,3
DA:52,1
DA:53,2
DA:54,1
DA:55,2
DA:60,1
DA:62,3
DA:63,5
DA:64,1
DA:65,2
DA:66,1
DA:67,2
DA:72,1
DA:74,3
DA:75,5
DA:76,1
DA:77,2
DA:78,1
DA:79,2
DA:84,1
DA:86,3
DA:87,5
DA:88,1
DA:89,2
DA:90,1
DA:91,2
DA:96,1
DA:101,3
DA:102,2
DA:103,1
DA:104,2
DA:105,1
DA:106,2
DA:111,1
DA:114,4
DA:115,1
DA:116,1
DA:117,3
DA:124,1
DA:127,4
DA:128,1
DA:129,1
DA:130,3
DA:135,1
DA:136,3
DA:141,1
DA:142,3
DA:143,5
LF:65
LH:65
end_of_record
SF:lib/presentation/bloc/movie/top_rated_movie/top_rated_movie_state.dart
DA:4,2
DA:6,2
DA:7,2
DA:17,2
DA:21,2
DA:22,4
DA:28,2
DA:32,2
DA:33,4
LF:9
LH:9
end_of_record
SF:lib/presentation/bloc/movie/top_rated_movie/top_rated_movie_event.dart
DA:4,2
DA:8,1
DA:9,1
LF:3
LH:3
end_of_record
SF:lib/presentation/bloc/movie/top_rated_movie/top_rated_movie_bloc.dart
DA:12,1
DA:14,2
DA:15,2
DA:18,1
DA:20,2
DA:22,3
DA:24,1
DA:25,1
DA:26,3
DA:28,1
DA:29,2
LF:11
LH:11
end_of_record
SF:lib/presentation/bloc/movie/popular_movie/popular_movie_state.dart
DA:4,2
DA:6,2
DA:7,2
DA:17,2
DA:21,2
DA:22,4
DA:28,2
DA:32,2
DA:33,4
LF:9
LH:9
end_of_record
SF:lib/presentation/bloc/movie/popular_movie/popular_movie_bloc.dart
DA:12,1
DA:14,2
DA:15,2
DA:18,1
DA:20,2
DA:22,3
DA:24,1
DA:25,1
DA:26,3
DA:28,1
DA:29,2
LF:11
LH:11
end_of_record
SF:lib/presentation/bloc/movie/popular_movie/popular_movie_event.dart
DA:4,2
DA:8,1
DA:9,1
LF:3
LH:3
end_of_record
SF:lib/presentation/widgets/item_card.dart
DA:11,1
DA:18,1
DA:20,1
DA:22,1
DA:23,1
DA:24,1
DA:26,1
DA:27,1
DA:28,1
DA:34,1
DA:36,1
DA:37,1
DA:38,1
DA:41,3
DA:43,1
DA:44,1
DA:45,1
DA:53,1
DA:58,1
DA:59,1
DA:60,2
DA:62,2
DA:63,1
DA:65,0
DA:67,2
LF:25
LH:24
end_of_record
SF:lib/presentation/bloc/movie/watchlist_movie/watchlist_movie_state.dart
DA:4,2
DA:6,2
DA:7,2
DA:17,2
DA:21,2
DA:22,4
DA:28,2
DA:32,2
DA:33,4
LF:9
LH:9
end_of_record
SF:lib/presentation/bloc/movie/watchlist_movie/watchlist_movie_event.dart
DA:4,2
DA:8,1
DA:9,1
LF:3
LH:3
end_of_record
SF:lib/presentation/bloc/movie/watchlist_movie/watchlist_movie_bloc.dart
DA:13,1
DA:15,2
DA:16,2
DA:19,1
DA:21,2
DA:23,3
DA:25,1
DA:26,1
DA:27,3
DA:29,1
DA:30,2
LF:11
LH:11
end_of_record
SF:lib/presentation/bloc/movie/movie_search/movie_search_state.dart
DA:4,2
DA:6,2
DA:7,2
DA:17,2
DA:21,2
DA:22,4
DA:28,2
DA:32,2
DA:33,4
LF:9
LH:9
end_of_record
SF:lib/presentation/bloc/movie/movie_search/movie_search_event.dart
DA:4,2
DA:10,2
DA:12,1
DA:13,2
LF:4
LH:4
end_of_record
SF:lib/presentation/bloc/movie/movie_search/movie_search_bloc.dart
DA:14,1
DA:16,2
DA:17,1
DA:18,1
DA:19,2
DA:20,2
DA:26,1
DA:28,2
DA:30,4
DA:32,1
DA:33,1
DA:34,3
DA:36,1
DA:37,2
LF:14
LH:14
end_of_record
SF:lib/presentation/bloc/movie/now_playing_movie/now_playing_movie_event.dart
DA:4,2
DA:8,1
DA:9,1
LF:3
LH:3
end_of_record
SF:lib/presentation/bloc/movie/now_playing_movie/now_playing_movie_state.dart
DA:4,2
DA:6,2
DA:7,2
DA:17,2
DA:21,2
DA:22,4
DA:28,2
DA:32,2
DA:33,4
LF:9
LH:9
end_of_record
SF:lib/presentation/bloc/movie/now_playing_movie/now_playing_movie_bloc.dart
DA:13,1
DA:15,2
DA:16,2
DA:19,1
DA:21,2
DA:23,3
DA:25,1
DA:26,1
DA:27,3
DA:29,1
DA:30,2
LF:11
LH:11
end_of_record
SF:lib/presentation/bloc/movie/movie_detail/movie_detail_event.dart
DA:4,2
DA:10,2
DA:12,1
DA:13,2
DA:19,2
DA:21,1
DA:22,2
DA:28,2
DA:30,1
DA:31,2
LF:10
LH:10
end_of_record
SF:lib/presentation/bloc/movie/movie_detail/movie_detail_state.dart
DA:4,2
DA:6,2
DA:7,2
DA:20,2
DA:27,2
DA:28,2
DA:29,2
DA:30,2
DA:31,2
DA:32,2
DA:39,2
DA:43,2
DA:44,4
LF:13
LH:13
end_of_record
SF:lib/presentation/bloc/movie/movie_detail/movie_detail_bloc.dart
DA:29,1
DA:35,2
DA:36,2
DA:37,2
DA:38,2
DA:41,1
DA:45,2
DA:47,4
DA:49,4
DA:50,4
DA:52,1
DA:53,4
DA:54,1
DA:55,1
DA:56,1
DA:57,1
DA:58,1
DA:59,1
DA:62,1
DA:63,3
DA:64,1
DA:65,1
DA:67,1
DA:68,1
DA:69,1
DA:70,1
DA:71,1
DA:78,1
DA:82,4
DA:84,2
DA:85,1
DA:86,2
DA:88,1
DA:89,1
DA:93,5
DA:95,1
DA:96,1
DA:97,1
DA:98,1
DA:99,1
DA:100,1
DA:105,1
DA:109,4
DA:111,2
DA:112,1
DA:113,2
DA:115,1
DA:116,1
DA:120,5
DA:122,1
DA:123,1
DA:124,1
DA:125,1
DA:126,1
DA:127,1
DA:132,1
DA:133,3
LF:57
LH:57
end_of_record
SF:lib/presentation/bloc/tv/tv_season_detail/tv_season_detail_event.dart
DA:4,2
DA:11,2
DA:16,1
DA:17,1
DA:18,1
DA:19,1
LF:6
LH:6
end_of_record
SF:lib/presentation/bloc/tv/tv_season_detail/tv_season_detail_state.dart
DA:4,2
DA:6,2
DA:7,2
DA:17,2
DA:21,2
DA:22,4
DA:28,2
DA:32,2
DA:33,4
LF:9
LH:9
end_of_record
SF:lib/presentation/bloc/tv/tv_season_detail/tv_season_detail_bloc.dart
DA:13,1
DA:15,2
DA:16,2
DA:19,1
DA:21,2
DA:23,5
DA:25,1
DA:26,1
DA:27,3
DA:29,1
DA:30,2
LF:11
LH:11
end_of_record
SF:lib/presentation/bloc/tv/watchlist_tv/watchlist_tv_state.dart
DA:4,2
DA:6,2
DA:7,2
DA:17,2
DA:21,2
DA:22,4
DA:28,2
DA:32,2
DA:33,4
LF:9
LH:9
end_of_record
SF:lib/presentation/bloc/tv/watchlist_tv/watchlist_tv_event.dart
DA:4,2
DA:8,1
DA:9,1
LF:3
LH:3
end_of_record
SF:lib/presentation/bloc/tv/watchlist_tv/watchlist_tv_bloc.dart
DA:12,1
DA:14,2
DA:15,2
DA:18,1
DA:20,2
DA:22,3
DA:24,1
DA:25,1
DA:26,3
DA:28,1
DA:29,2
LF:11
LH:11
end_of_record
SF:lib/presentation/bloc/tv/popular_tv/popular_tv_state.dart
DA:4,2
DA:6,2
DA:7,2
DA:17,2
DA:21,2
DA:22,4
DA:28,2
DA:32,2
DA:33,4
LF:9
LH:9
end_of_record
SF:lib/presentation/bloc/tv/popular_tv/popular_tv_bloc.dart
DA:12,1
DA:14,2
DA:15,2
DA:18,1
DA:20,2
DA:22,3
DA:24,1
DA:25,1
DA:26,3
DA:28,1
DA:29,2
LF:11
LH:11
end_of_record
SF:lib/presentation/bloc/tv/popular_tv/popular_tv_event.dart
DA:4,2
DA:8,1
DA:9,1
LF:3
LH:3
end_of_record
SF:lib/presentation/bloc/tv/now_playing_tv/now_playing_tv_state.dart
DA:4,2
DA:6,2
DA:7,2
DA:17,2
DA:21,2
DA:22,4
DA:28,2
DA:32,2
DA:33,4
LF:9
LH:9
end_of_record
SF:lib/presentation/bloc/tv/now_playing_tv/now_playing_tv_bloc.dart
DA:12,1
DA:14,2
DA:15,2
DA:18,1
DA:20,2
DA:22,3
DA:24,1
DA:25,1
DA:26,3
DA:28,1
DA:29,2
LF:11
LH:11
end_of_record
SF:lib/presentation/bloc/tv/now_playing_tv/now_playing_tv_event.dart
DA:4,2
DA:8,1
DA:9,1
LF:3
LH:3
end_of_record
SF:lib/presentation/bloc/tv/tv_search/tv_search_state.dart
DA:4,2
DA:6,2
DA:7,2
DA:17,2
DA:21,2
DA:22,4
DA:28,2
DA:32,2
DA:33,4
LF:9
LH:9
end_of_record
SF:lib/presentation/bloc/tv/tv_search/tv_search_event.dart
DA:4,2
DA:10,2
DA:12,1
DA:13,2
LF:4
LH:4
end_of_record
SF:lib/presentation/bloc/tv/tv_search/tv_search_bloc.dart
DA:14,1
DA:16,2
DA:17,1
DA:18,1
DA:19,2
DA:20,2
DA:26,1
DA:28,2
DA:30,4
DA:32,1
DA:33,1
DA:34,3
DA:36,1
DA:37,2
LF:14
LH:14
end_of_record
SF:lib/presentation/bloc/tv/tv_detail/tv_detail_event.dart
DA:4,2
DA:10,2
DA:12,1
DA:13,2
DA:19,2
DA:21,1
DA:22,2
DA:28,2
DA:30,1
DA:31,2
LF:10
LH:10
end_of_record
SF:lib/presentation/bloc/tv/tv_detail/tv_detail_state.dart
DA:4,2
DA:6,2
DA:7,2
DA:20,2
DA:27,2
DA:28,2
DA:29,2
DA:30,2
DA:31,2
DA:32,2
DA:39,2
DA:43,2
DA:44,4
LF:13
LH:13
end_of_record
SF:lib/presentation/bloc/tv/tv_detail/tv_detail_bloc.dart
DA:29,1
DA:35,2
DA:36,2
DA:37,2
DA:38,2
DA:41,1
DA:45,2
DA:47,4
DA:48,4
DA:49,4
DA:51,1
DA:52,4
DA:53,1
DA:54,1
DA:55,1
DA:56,1
DA:57,1
DA:58,1
DA:61,1
DA:62,3
DA:63,2
DA:65,1
DA:66,1
DA:67,1
DA:68,1
DA:69,1
DA:76,1
DA:80,4
DA:82,2
DA:83,1
DA:84,2
DA:86,1
DA:87,1
DA:91,5
DA:93,1
DA:94,1
DA:95,1
DA:96,1
DA:97,1
DA:98,1
DA:103,1
DA:107,4
DA:109,2
DA:110,1
DA:111,2
DA:113,1
DA:114,1
DA:118,5
DA:120,1
DA:121,1
DA:122,1
DA:123,1
DA:124,1
DA:125,1
DA:130,1
DA:131,3
LF:56
LH:56
end_of_record
SF:lib/presentation/bloc/tv/top_rated_tv/top_rated_tv_event.dart
DA:4,2
DA:8,1
DA:9,1
LF:3
LH:3
end_of_record
SF:lib/presentation/bloc/tv/top_rated_tv/top_rated_tv_bloc.dart
DA:12,1
DA:14,2
DA:15,2
DA:18,1
DA:20,2
DA:22,3
DA:24,1
DA:25,1
DA:26,3
DA:28,1
DA:29,2
LF:11
LH:11
end_of_record
SF:lib/presentation/bloc/tv/top_rated_tv/top_rated_tv_state.dart
DA:4,2
DA:6,2
DA:7,2
DA:17,2
DA:21,2
DA:22,4
DA:28,2
DA:32,2
DA:33,4
LF:9
LH:9
end_of_record
